<?xml version="1.0" encoding="UTF-8"?>
<!-- Generated by org.testng.reporters.JUnitReportReporter -->
<testsuite ignored="0" hostname="LAPTOP-N2ROEIPV" failures="0" tests="1" name="Test.gmailEnterCodeTest" time="17.780" errors="0" timestamp="28 Sep 2023 17:04:00 GMT" skipped="0">
  <testcase classname="Test.gmailEnterCodeTest" name="gmailcreateaccounttest" time="17.780"/>
</testsuite> <!-- Test.gmailEnterCodeTest -->
