<?xml version="1.0" encoding="UTF-8"?>
<!-- Generated by org.testng.reporters.JUnitReportReporter -->
<testsuite ignored="0" hostname="LAPTOP-N2ROEIPV" failures="0" tests="1" name="Test.gmailPassWordTest" time="11.598" errors="0" timestamp="28 Sep 2023 16:13:23 GMT" skipped="0">
  <testcase classname="Test.gmailPassWordTest" name="gmailcreateaccounttest" time="11.598"/>
</testsuite> <!-- Test.gmailPassWordTest -->
