<?xml version="1.0" encoding="UTF-8"?>
<!-- Generated by org.testng.reporters.JUnitReportReporter -->
<testsuite ignored="0" hostname="LAPTOP-N2ROEIPV" failures="0" tests="1" name="Test.gmailUserNameTest" time="8.173" errors="0" timestamp="28 Sep 2023 15:30:47 GMT" skipped="0">
  <testcase classname="Test.gmailUserNameTest" name="gmailcreateaccounttest" time="8.173"/>
</testsuite> <!-- Test.gmailUserNameTest -->
