<?xml version="1.0" encoding="UTF-8"?>
<!-- Generated by org.testng.reporters.JUnitReportReporter -->
<testsuite ignored="0" hostname="LAPTOP-N2ROEIPV" failures="0" tests="1" name="Test.gamailPhoneNumberTest" time="14.810" errors="0" timestamp="28 Sep 2023 16:40:58 GMT" skipped="0">
  <testcase classname="Test.gamailPhoneNumberTest" name="gmailcreateaccounttest" time="14.810"/>
</testsuite> <!-- Test.gamailPhoneNumberTest -->
