<?xml version="1.0" encoding="UTF-8"?>
<!-- Generated by org.testng.reporters.JUnitReportReporter -->
<testsuite ignored="0" hostname="LAPTOP-N2ROEIPV" failures="0" tests="1" name="Test.gmailBasicTest" time="3.482" errors="0" timestamp="27 Sep 2023 01:55:00 GMT" skipped="0">
  <testcase classname="Test.gmailBasicTest" name="gmailcreateaccounttest" time="3.482"/>
</testsuite> <!-- Test.gmailBasicTest -->
