<?xml version="1.0" encoding="UTF-8"?>
<!-- Generated by org.testng.reporters.JUnitReportReporter -->
<testsuite ignored="0" hostname="LAPTOP-N2ROEIPV" failures="0" tests="1" name="Test.gmailHomeTest" time="1.148" errors="0" timestamp="26 Sep 2023 16:41:13 GMT" skipped="0">
  <testcase classname="Test.gmailHomeTest" name="gmailhometest" time="1.148"/>
</testsuite> <!-- Test.gmailHomeTest -->
